<?xml version="1.0" encoding="utf-8"?><testsuites><testsuite name="pytest" errors="0" failures="0" skipped="0" tests="30" time="26.411" timestamp="2025-11-27T10:43:54.289580" hostname="LAPTOP-DQ96TM8K"><testcase classname="inventario_v1.testes.testes_v1" name="test_produto_create_view_invalid" time="2.880" /><testcase classname="inventario_v1.testes.testes_v1" name="test_movimentacao_create_view_requires_login" time="0.008" /><testcase classname="inventario_v1.testes.testes_v1" name="test_produto_detail_view_shows_product" time="0.929" /><testcase classname="inventario_v1.testes.testes_v1" name="test_create_movimentacao_persists_and_updates_stock" time="0.960" /><testcase classname="inventario_v1.testes.testes_v1" name="test_movimentacao_saida_decrementa_quantidade" time="0.008" /><testcase classname="inventario_v1.testes.testes_v1" name="test_movimentacao_saida_igual_estoque_zera" time="0.008" /><testcase classname="inventario_v1.testes.testes_v1" name="test_model_str_returns_string" time="0.575" /><testcase classname="inventario_v1.testes.testes_v1" name="test_produto_change_quantidade_method" time="0.010" /><testcase classname="inventario_v1.testes.testes_v1" name="test_movimentacao_quantidade_negativa_rejeitada" time="0.007" /><testcase classname="inventario_v1.testes.testes_v2" name="test_categoria_crud_via_views" time="1.516" /><testcase classname="inventario_v1.testes.testes_v2" name="test_populate_command_and_models" time="1.847" /><testcase classname="inventario_v1.testes.testes_v2" name="test_gerar_relatorio_command_creates_files" time="0.366" /><testcase classname="inventario_v1.testes.testes_v2" name="test_report_view_shows_generated_reports" time="1.844" /><testcase classname="inventario_v1.testes.testes_v2" name="test_produto_change_quantidade_method_persists" time="0.013" /><testcase classname="inventario_v1.testes.testes_v3" name="test_profile_created_on_user_creation" time="0.584" /><testcase classname="inventario_v1.testes.testes_v3" name="test_register_view_auto_login_and_redirect" time="0.960" /><testcase classname="inventario_v1.testes.testes_v3" name="test_login_view_redirects_authenticated_user" time="0.995" /><testcase classname="inventario_v1.testes.testes_v3" name="test_assign_tabela_to_profile_sets_access" time="0.583" /><testcase classname="inventario_v1.testes.testes_v3" name="test_create_movimento_updates_produto_quantity_and_saves_movement" time="1.084" /><testcase classname="inventario_v1.testes.testes_v3" name="test_deleting_tabela_deletes_orphan_produto_and_movimentos" time="0.031" /><testcase classname="inventario_v1.testes.testes_v3" name="test_removing_m2m_relation_removes_orphan_product" time="0.021" /><testcase classname="inventario_v1.testes.testes_v3" name="test_admin_password_change_via_profile_edit" time="3.212" /><testcase classname="inventario_v1.testes.testes_v3" name="test_manage_profile_add_tabela_and_listing" time="1.627" /><testcase classname="inventario_v1.testes.testes_v3" name="test_permission_flow_product_creation_and_visibility" time="1.525" /><testcase classname="inventario_v1.testes.testes_v3" name="test_deleting_product_removes_movements_and_m2m_relations" time="0.016" /><testcase classname="inventario_v1.testes.testes_v3" name="test_gerar_relatorio_function_creates_files" time="0.376" /><testcase classname="inventario_v1.testes.testes_v3" name="test_signal_generates_report_on_login" time="0.577" /><testcase classname="inventario_v1.testes.testes_v3" name="test_relatorios_get_generates_report" time="1.306" /><testcase classname="inventario_v1.testes.testes_v3" name="test_tabelas_visibility_and_access_listing" time="0.570" /><testcase classname="inventario_v1.testes.testes_v3" name="test_produto_adicionar_allows_creation_for_user_with_and_without_permissions" time="0.960" /></testsuite></testsuites>