<?xml version="1.0" encoding="utf-8"?><testsuites><testsuite name="pytest" errors="0" failures="0" skipped="0" tests="14" time="9.011" timestamp="2025-11-27T13:46:09.308000" hostname="LAPTOP-DQ96TM8K"><testcase classname="inventario_v3.testes.testes_v1" name="test_produto_create_view_invalid" time="1.193" /><testcase classname="inventario_v3.testes.testes_v1" name="test_movimentacao_create_view_requires_login" time="0.008" /><testcase classname="inventario_v3.testes.testes_v1" name="test_produto_detail_view_shows_product" time="0.624" /><testcase classname="inventario_v3.testes.testes_v1" name="test_create_movimentacao_persists_and_updates_stock" time="0.635" /><testcase classname="inventario_v3.testes.testes_v1" name="test_movimentacao_saida_decrementa_quantidade" time="0.008" /><testcase classname="inventario_v3.testes.testes_v1" name="test_movimentacao_saida_igual_estoque_zera" time="0.007" /><testcase classname="inventario_v3.testes.testes_v1" name="test_model_str_returns_string" time="0.006" /><testcase classname="inventario_v3.testes.testes_v1" name="test_produto_change_quantidade_method" time="0.007" /><testcase classname="inventario_v3.testes.testes_v1" name="test_movimentacao_quantidade_negativa_rejeitada" time="0.006" /><testcase classname="inventario_v3.testes.testes_v2" name="test_categoria_crud_via_views" time="1.174" /><testcase classname="inventario_v3.testes.testes_v2" name="test_populate_command_and_models" time="0.785" /><testcase classname="inventario_v3.testes.testes_v2" name="test_gerar_relatorio_command_creates_files" time="2.652" /><testcase classname="inventario_v3.testes.testes_v2" name="test_report_view_shows_generated_reports" time="1.304" /><testcase classname="inventario_v3.testes.testes_v2" name="test_produto_change_quantidade_method_persists" time="0.016" /></testsuite></testsuites>