<?xml version="1.0" encoding="utf-8"?><testsuites><testsuite name="pytest" errors="0" failures="0" skipped="2" tests="18" time="14.955" timestamp="2025-11-27T15:22:26.883528" hostname="LAPTOP-DQ96TM8K"><testcase classname="inventario_v3.testes.testes_v1" name="test_produto_create_view_invalid" time="1.188" /><testcase classname="inventario_v3.testes.testes_v1" name="test_movimentacao_create_view_requires_login" time="0.008" /><testcase classname="inventario_v3.testes.testes_v1" name="test_produto_detail_view_shows_product" time="1.163" /><testcase classname="inventario_v3.testes.testes_v1" name="test_create_movimentacao_persists_and_updates_stock" time="1.202" /><testcase classname="inventario_v3.testes.testes_v1" name="test_movimentacao_saida_decrementa_quantidade" time="0.019" /><testcase classname="inventario_v3.testes.testes_v1" name="test_movimentacao_saida_igual_estoque_zera" time="0.020" /><testcase classname="inventario_v3.testes.testes_v1" name="test_model_str_returns_string" time="0.015" /><testcase classname="inventario_v3.testes.testes_v1" name="test_produto_change_quantidade_method" time="0.013" /><testcase classname="inventario_v3.testes.testes_v1" name="test_movimentacao_quantidade_negativa_rejeitada" time="0.008" /><testcase classname="inventario_v3.testes.testes_v2" name="test_categoria_crud_via_views" time="1.812" /><testcase classname="inventario_v3.testes.testes_v2" name="test_populate_command_and_models" time="1.196" /><testcase classname="inventario_v3.testes.testes_v2" name="test_gerar_relatorio_command_creates_files" time="2.101" /><testcase classname="inventario_v3.testes.testes_v2" name="test_report_view_shows_generated_reports" time="1.533" /><testcase classname="inventario_v3.testes.testes_v2" name="test_produto_change_quantidade_method_persists" time="0.008" /><testcase classname="inventario_v3.testes.testes_v3" name="test_profile_created_on_user_creation" time="0.005"><skipped type="pytest.skip" message="Model inventario_v3.PerfilUsuario not available">C:\Users\rgoes\PycharmProjects\DjangoProject\inventario_v3\testes\testes_v3.py:16: Model inventario_v3.PerfilUsuario not available</skipped></testcase><testcase classname="inventario_v3.testes.testes_v3" name="test_users_crud_views" time="2.203" /><testcase classname="inventario_v3.testes.testes_v3" name="test_user_create_validation_passwords" time="1.688" /><testcase classname="inventario_v3.testes.testes_v3" name="test_product_access_create_and_list_via_view" time="0.026"><skipped type="pytest.skip" message="AcessoProdutos model not available">C:\Users\rgoes\PycharmProjects\DjangoProject\inventario_v3\testes\testes_v3.py:115: AcessoProdutos model not available</skipped></testcase></testsuite></testsuites>