<?xml version="1.0" encoding="utf-8"?><testsuites><testsuite name="pytest" errors="0" failures="0" skipped="0" tests="9" time="3.962" timestamp="2025-11-27T10:46:52.633468" hostname="LAPTOP-DQ96TM8K"><testcase classname="inventario_v1.testes.testes_v1" name="test_produto_create_view_invalid" time="1.079" /><testcase classname="inventario_v1.testes.testes_v1" name="test_movimentacao_create_view_requires_login" time="0.008" /><testcase classname="inventario_v1.testes.testes_v1" name="test_produto_detail_view_shows_product" time="0.587" /><testcase classname="inventario_v1.testes.testes_v1" name="test_create_movimentacao_persists_and_updates_stock" time="0.713" /><testcase classname="inventario_v1.testes.testes_v1" name="test_movimentacao_saida_decrementa_quantidade" time="0.014" /><testcase classname="inventario_v1.testes.testes_v1" name="test_movimentacao_saida_igual_estoque_zera" time="0.013" /><testcase classname="inventario_v1.testes.testes_v1" name="test_model_str_returns_string" time="0.977" /><testcase classname="inventario_v1.testes.testes_v1" name="test_produto_change_quantidade_method" time="0.021" /><testcase classname="inventario_v1.testes.testes_v1" name="test_movimentacao_quantidade_negativa_rejeitada" time="0.025" /></testsuite></testsuites>