<?xml version="1.0" encoding="utf-8"?><testsuites><testsuite name="pytest" errors="1" failures="0" skipped="0" tests="1" time="0.569" timestamp="2025-11-27T10:34:02.877342" hostname="LAPTOP-DQ96TM8K"><testcase classname="" name="inventario_v2.testes.testes_v1" time="0.000"><error message="collection failure">ImportError while importing test module 'C:\Users\rgoes\PycharmProjects\DjangoProject\inventario_v2\testes\testes_v1.py'.
Hint: make sure your test modules/packages have valid Python names.
Traceback:
..\..\AppData\Local\Programs\Python\Python313\Lib\importlib\__init__.py:88: in import_module
    return _bootstrap._gcd_import(name[level:], package, level)
inventario_v2\testes\testes_v1.py:6: in &lt;module&gt;
    from inventario_v1.models import Produtos
E   ModuleNotFoundError: No module named 'inventario_v1'</error></testcase></testsuite></testsuites>