<?xml version="1.0" encoding="utf-8"?><testsuites><testsuite name="pytest" errors="0" failures="0" skipped="0" tests="30" time="15.972" timestamp="2025-11-27T10:11:39.468148" hostname="LAPTOP-DQ96TM8K"><testcase classname="inventario_v2.testes.testes_v1" name="test_produto_create_view_invalid" time="1.175" /><testcase classname="inventario_v2.testes.testes_v1" name="test_movimentacao_create_view_requires_login" time="0.008" /><testcase classname="inventario_v2.testes.testes_v1" name="test_produto_detail_view_shows_product" time="0.597" /><testcase classname="inventario_v2.testes.testes_v1" name="test_create_movimentacao_persists_and_updates_stock" time="0.611" /><testcase classname="inventario_v2.testes.testes_v1" name="test_movimentacao_saida_decrementa_quantidade" time="0.007" /><testcase classname="inventario_v2.testes.testes_v1" name="test_movimentacao_saida_igual_estoque_zera" time="0.007" /><testcase classname="inventario_v2.testes.testes_v1" name="test_model_str_returns_string" time="0.005" /><testcase classname="inventario_v2.testes.testes_v1" name="test_produto_change_quantidade_method" time="0.009" /><testcase classname="inventario_v2.testes.testes_v1" name="test_movimentacao_quantidade_negativa_rejeitada" time="0.007" /><testcase classname="inventario_v2.testes.testes_v2" name="test_categoria_crud_via_views" time="1.171" /><testcase classname="inventario_v2.testes.testes_v2" name="test_populate_command_and_models" time="0.757" /><testcase classname="inventario_v2.testes.testes_v2" name="test_gerar_relatorio_command_creates_files" time="0.015" /><testcase classname="inventario_v2.testes.testes_v2" name="test_report_view_shows_generated_reports" time="1.171" /><testcase classname="inventario_v2.testes.testes_v2" name="test_produto_change_quantidade_method_persists" time="0.008" /><testcase classname="inventario_v2.testes.testes_v3" name="test_profile_exists_or_created_on_user_creation" time="0.569" /><testcase classname="inventario_v2.testes.testes_v3" name="test_register_view_auto_login_and_redirect" time="0.601" /><testcase classname="inventario_v2.testes.testes_v3" name="test_login_view_redirects_authenticated_user" time="0.624" /><testcase classname="inventario_v2.testes.testes_v3" name="test_assign_tabela_acessos_sets_access" time="0.636" /><testcase classname="inventario_v2.testes.testes_v3" name="test_create_movimento_updates_produto_quantity_and_saves_movement" time="0.661" /><testcase classname="inventario_v2.testes.testes_v3" name="test_deleting_tabela_sets_products_table_null_but_keeps_products_and_movements" time="0.014" /><testcase classname="inventario_v2.testes.testes_v3" name="test_revoking_acesso_removes_visibility_for_user_but_not_product_deletion" time="0.606" /><testcase classname="inventario_v2.testes.testes_v3" name="test_admin_can_edit_profile_papel_and_change_profile_fields" time="1.198" /><testcase classname="inventario_v2.testes.testes_v3" name="test_admin_grants_tabela_access_and_listing_shows_user_profile" time="1.162" /><testcase classname="inventario_v2.testes.testes_v3" name="test_permission_flow_product_creation_and_visibility" time="1.169" /><testcase classname="inventario_v2.testes.testes_v3" name="test_deleting_product_with_movements_raises_protected_error" time="0.010" /><testcase classname="inventario_v2.testes.testes_v3" name="test_gerar_relatorio_function_creates_files" time="0.009" /><testcase classname="inventario_v2.testes.testes_v3" name="test_signal_generates_report_on_login" time="0.592" /><testcase classname="inventario_v2.testes.testes_v3" name="test_relatorios_get_generates_report_view" time="0.689" /><testcase classname="inventario_v2.testes.testes_v3" name="test_tabelas_visibility_and_access_listing" time="0.590" /><testcase classname="inventario_v2.testes.testes_v3" name="test_produto_adicionar_allows_creation_for_user_with_and_without_permissions" time="0.608" /></testsuite></testsuites>