<?xml version="1.0" encoding="utf-8"?><testsuites><testsuite name="pytest" errors="0" failures="0" skipped="0" tests="6" time="3.244" timestamp="2025-11-27T13:05:09.654342" hostname="LAPTOP-DQ96TM8K"><testcase classname="inventario_v3.testes.testes_v1" name="test_produto_create_and_change_quantidade" time="0.384" /><testcase classname="inventario_v3.testes.testes_v1" name="test_movimento_entrada_incrementa_quantidade_and_str" time="0.009" /><testcase classname="inventario_v3.testes.testes_v1" name="test_movimento_saida_insuficiente_gera_erro" time="0.008" /><testcase classname="inventario_v3.testes.testes_v1" name="test_produtos_lista_requer_login" time="0.063" /><testcase classname="inventario_v3.testes.testes_v1" name="test_criar_produto_via_view" time="1.175" /><testcase classname="inventario_v3.testes.testes_v1" name="test_criar_movimento_via_view_atualiza_estoque" time="1.230" /></testsuite></testsuites>