<?xml version="1.0" encoding="utf-8"?><testsuites><testsuite name="pytest" errors="0" failures="0" skipped="0" tests="30" time="18.974" timestamp="2025-11-27T16:02:26.769096" hostname="LAPTOP-DQ96TM8K"><testcase classname="inventario_v3.testes.testes_v1" name="test_produto_create_view_invalid" time="1.210" /><testcase classname="inventario_v3.testes.testes_v1" name="test_movimentacao_create_view_requires_login" time="0.008" /><testcase classname="inventario_v3.testes.testes_v1" name="test_produto_detail_view_shows_product" time="0.596" /><testcase classname="inventario_v3.testes.testes_v1" name="test_create_movimentacao_persists_and_updates_stock" time="0.599" /><testcase classname="inventario_v3.testes.testes_v1" name="test_movimentacao_saida_decrementa_quantidade" time="0.010" /><testcase classname="inventario_v3.testes.testes_v1" name="test_movimentacao_saida_igual_estoque_zera" time="0.013" /><testcase classname="inventario_v3.testes.testes_v1" name="test_model_str_returns_string" time="0.006" /><testcase classname="inventario_v3.testes.testes_v1" name="test_produto_change_quantidade_method" time="0.007" /><testcase classname="inventario_v3.testes.testes_v1" name="test_movimentacao_quantidade_negativa_rejeitada" time="0.005" /><testcase classname="inventario_v3.testes.testes_v2" name="test_categoria_crud_via_views" time="1.163" /><testcase classname="inventario_v3.testes.testes_v2" name="test_populate_command_and_models" time="0.777" /><testcase classname="inventario_v3.testes.testes_v2" name="test_gerar_relatorio_command_creates_files" time="1.268" /><testcase classname="inventario_v3.testes.testes_v2" name="test_report_view_shows_generated_reports" time="1.137" /><testcase classname="inventario_v3.testes.testes_v2" name="test_produto_change_quantidade_method_persists" time="0.008" /><testcase classname="inventario_v3.testes.testes_v3" name="test_profile_created_on_user_creation" time="0.573" /><testcase classname="inventario_v3.testes.testes_v3" name="test_register_view_auto_login_and_redirect" time="1.189" /><testcase classname="inventario_v3.testes.testes_v3" name="test_login_view_redirects_authenticated_user" time="0.571" /><testcase classname="inventario_v3.testes.testes_v3" name="test_select_current_tabela_sets_profile_current_tabela" time="0.596" /><testcase classname="inventario_v3.testes.testes_v3" name="test_create_movimento_updates_produto_quantity_and_saves_movement" time="0.637" /><testcase classname="inventario_v3.testes.testes_v3" name="test_deleting_tabela_deletes_orphan_produto_and_movimentos" time="0.020" /><testcase classname="inventario_v3.testes.testes_v3" name="test_removing_m2m_relation_removes_orphan_product" time="0.012" /><testcase classname="inventario_v3.testes.testes_v3" name="test_user_crud_and_password_change_by_admin" time="2.332" /><testcase classname="inventario_v3.testes.testes_v3" name="test_gerenciar_acessos_create_and_listing" time="1.269" /><testcase classname="inventario_v3.testes.testes_v3" name="test_permission_flow_product_creation_and_visibility" time="1.313" /><testcase classname="inventario_v3.testes.testes_v3" name="test_deleting_product_removes_movements_and_m2m_relations" time="0.018" /><testcase classname="inventario_v3.testes.testes_v3" name="test_gerar_relatorio_command_creates_files" time="0.557" /><testcase classname="inventario_v3.testes.testes_v3" name="test_signal_generates_report_on_login" time="0.567" /><testcase classname="inventario_v3.testes.testes_v3" name="test_relatorios_post_generates_report" time="0.592" /><testcase classname="inventario_v3.testes.testes_v3" name="test_tabelas_lista_shows_only_public_and_access" time="0.605" /><testcase classname="inventario_v3.testes.testes_v3" name="test_produto_adicionar_forbidden_without_write_permission" time="0.605" /></testsuite></testsuites>