<?xml version="1.0" encoding="utf-8"?><testsuites><testsuite name="pytest" errors="0" failures="0" skipped="0" tests="15" time="5.334" timestamp="2025-11-27T10:45:46.305375" hostname="LAPTOP-DQ96TM8K"><testcase classname="inventario_v1.testes.testes_v1" name="test_produto_create_view_invalid" time="1.139" /><testcase classname="inventario_v1.testes.testes_v1" name="test_movimentacao_create_view_requires_login" time="0.008" /><testcase classname="inventario_v1.testes.testes_v1" name="test_produto_detail_view_shows_product" time="0.584" /><testcase classname="inventario_v1.testes.testes_v1" name="test_create_movimentacao_persists_and_updates_stock" time="0.606" /><testcase classname="inventario_v1.testes.testes_v1" name="test_movimentacao_saida_decrementa_quantidade" time="0.006" /><testcase classname="inventario_v1.testes.testes_v1" name="test_movimentacao_saida_igual_estoque_zera" time="0.007" /><testcase classname="inventario_v1.testes.testes_v1" name="test_model_str_returns_string" time="0.565" /><testcase classname="inventario_v1.testes.testes_v1" name="test_produto_change_quantidade_method" time="0.010" /><testcase classname="inventario_v1.testes.testes_v1" name="test_movimentacao_quantidade_negativa_rejeitada" time="0.007" /><testcase classname="inventario_v1.testes.testes_v2" name="test_categoria_model_and_str" time="0.005" /><testcase classname="inventario_v1.testes.testes_v2" name="test_categoria_form_validation" time="0.005" /><testcase classname="inventario_v1.testes.testes_v2" name="test_categorias_list_view_requires_login" time="0.009" /><testcase classname="inventario_v1.testes.testes_v2" name="test_categorias_crud_views" time="0.627" /><testcase classname="inventario_v1.testes.testes_v2" name="test_deleting_category_sets_product_category_null" time="0.585" /><testcase classname="inventario_v1.testes.testes_v2" name="test_produtos_filter_by_categoria_in_produtos_lista" time="0.602" /></testsuite></testsuites>