<?xml version="1.0" encoding="utf-8"?><testsuites><testsuite name="pytest" errors="0" failures="0" skipped="0" tests="8" time="3.234" timestamp="2025-11-27T10:48:07.486303" hostname="LAPTOP-DQ96TM8K"><testcase classname="inventario_v1.testes.testes_v1" name="test_produtos_model_create_and_str" time="0.370" /><testcase classname="inventario_v1.testes.testes_v1" name="test_produtos_form_valid_and_invalid" time="0.007" /><testcase classname="inventario_v1.testes.testes_v1" name="test_produtos_list_requires_login" time="0.059" /><testcase classname="inventario_v1.testes.testes_v1" name="test_produtos_list_shows_products" time="0.635" /><testcase classname="inventario_v1.testes.testes_v1" name="test_produtos_create_view" time="0.580" /><testcase classname="inventario_v1.testes.testes_v1" name="test_produtos_update_view" time="0.589" /><testcase classname="inventario_v1.testes.testes_v1" name="test_produtos_delete_view" time="0.594" /><testcase classname="inventario_v1.testes.testes_v1" name="test_urls_reverse_and_resolve" time="0.007" /></testsuite></testsuites>