<?xml version="1.0" encoding="utf-8"?><testsuites><testsuite name="pytest" errors="0" failures="0" skipped="0" tests="11" time="3.613" timestamp="2025-11-27T10:26:05.035363" hostname="LAPTOP-DQ96TM8K"><testcase classname="inventario_v2.testes.testes_v1" name="test_produto_create_view_invalid" time="1.127" /><testcase classname="inventario_v2.testes.testes_v1" name="test_movimentacao_create_view_requires_login" time="0.009" /><testcase classname="inventario_v2.testes.testes_v1" name="test_produto_detail_view_shows_product" time="0.594" /><testcase classname="inventario_v2.testes.testes_v1" name="test_create_movimentacao_persists_and_updates_stock" time="0.599" /><testcase classname="inventario_v2.testes.testes_v1" name="test_movimentacao_saida_decrementa_quantidade" time="0.007" /><testcase classname="inventario_v2.testes.testes_v1" name="test_movimentacao_saida_igual_estoque_zera" time="0.007" /><testcase classname="inventario_v2.testes.testes_v1" name="test_model_str_returns_string" time="0.005" /><testcase classname="inventario_v2.testes.testes_v1" name="test_produto_change_quantidade_method" time="0.008" /><testcase classname="inventario_v2.testes.testes_v1" name="test_movimentacao_quantidade_negativa_rejeitada" time="0.007" /><testcase classname="inventario_v2.testes.testes_v2" name="test_reset_and_populate_creates_categories_products_and_movements" time="0.735" /><testcase classname="inventario_v2.testes.testes_v2" name="test_deleting_category_sets_products_category_null" time="0.011" /></testsuite></testsuites>